<?xml version="1.0" encoding="UTF-8"?>
<!-- Generated by org.testng.reporters.JUnitReportReporter -->
<testsuite hostname="sanjana" failures="0" tests="5" name="com.qa.opencart.tests.AppLoginTest" time="1.486" errors="0" timestamp="2024-07-10T16:00:51 IST" skipped="0">
  <testcase classname="com.qa.opencart.tests.AppLoginTest" name="loginPageTitleTest" time="0.047"/>
  <testcase classname="com.qa.opencart.tests.AppLoginTest" name="loginPageUrlTest" time="0.014"/>
  <testcase classname="com.qa.opencart.tests.AppLoginTest" name="isforgotPasswordLinkPresentTest" time="0.100"/>
  <testcase classname="com.qa.opencart.tests.AppLoginTest" name="doLoginTest" time="0.779"/>
  <testcase classname="com.qa.opencart.tests.AppLoginTest" name="appLogoutTest" time="0.546"/>
</testsuite> <!-- com.qa.opencart.tests.AppLoginTest -->
