<?xml version="1.0" encoding="UTF-8"?>
<!-- Generated by org.testng.reporters.JUnitReportReporter -->
<testsuite hostname="sanjana" failures="0" tests="15" name="com.qa.opencart.tests.MyAccountsTest" time="10.543" errors="0" timestamp="2024-07-08T16:48:24 IST" skipped="0">
  <testcase classname="com.qa.opencart.tests.MyAccountsTest" name="getAcctPageTitleTest" time="0.011"/>
  <testcase classname="com.qa.opencart.tests.MyAccountsTest" name="getAcctPageURLTest" time="0.008"/>
  <testcase classname="com.qa.opencart.tests.MyAccountsTest" name="getAcctPageHeadersCountTest" time="0.019"/>
  <testcase classname="com.qa.opencart.tests.MyAccountsTest" name="getAcctPageHeadersDetailTest" time="0.081"/>
  <testcase classname="com.qa.opencart.tests.MyAccountsTest" name="searchProductTest" time="0.442"/>
  <testcase classname="com.qa.opencart.tests.MyAccountsTest" name="searchProductTest" time="0.401"/>
  <testcase classname="com.qa.opencart.tests.MyAccountsTest" name="searchProductTest" time="0.358"/>
  <testcase classname="com.qa.opencart.tests.MyAccountsTest" name="searchProductTest" time="0.380"/>
  <testcase classname="com.qa.opencart.tests.MyAccountsTest" name="selectProductTest" time="1.108"/>
  <testcase classname="com.qa.opencart.tests.MyAccountsTest" name="selectProductTest" time="1.153"/>
  <testcase classname="com.qa.opencart.tests.MyAccountsTest" name="selectProductTest" time="1.191"/>
  <testcase classname="com.qa.opencart.tests.MyAccountsTest" name="selectProductTest" time="1.646"/>
  <testcase classname="com.qa.opencart.tests.MyAccountsTest" name="selectProductTest" time="1.278"/>
  <testcase classname="com.qa.opencart.tests.MyAccountsTest" name="selectProductTest" time="1.342"/>
  <testcase classname="com.qa.opencart.tests.MyAccountsTest" name="selectProductTest" time="1.125"/>
</testsuite> <!-- com.qa.opencart.tests.MyAccountsTest -->
