<?xml version="1.0" encoding="UTF-8"?>
<!-- Generated by org.testng.reporters.JUnitReportReporter -->
<testsuite hostname="sanjana" failures="0" tests="5" name="com.qa.opencart.tests.RegisterTest" time="10.052" errors="0" timestamp="2024-07-07T17:45:06 IST" skipped="0">
  <testcase classname="com.qa.opencart.tests.RegisterTest" name="registerUser" time="1.952"/>
  <testcase classname="com.qa.opencart.tests.RegisterTest" name="registerUser" time="2.024"/>
  <testcase classname="com.qa.opencart.tests.RegisterTest" name="registerUser" time="2.075"/>
  <testcase classname="com.qa.opencart.tests.RegisterTest" name="registerUser" time="2.039"/>
  <testcase classname="com.qa.opencart.tests.RegisterTest" name="registerUser" time="1.962"/>
</testsuite> <!-- com.qa.opencart.tests.RegisterTest -->
