<?xml version="1.0" encoding="UTF-8"?>
<!-- Generated by org.testng.reporters.JUnitReportReporter -->
<testsuite hostname="sanjana" failures="0" tests="10" name="com.qa.opencart.tests.ProductDetailPageTest" time="17.423" errors="0" timestamp="2024-07-09T16:20:03 IST" skipped="0">
  <testcase classname="com.qa.opencart.tests.ProductDetailPageTest" name="getProductImageCountTest" time="1.020"/>
  <testcase classname="com.qa.opencart.tests.ProductDetailPageTest" name="getProductImageCountTest" time="1.230"/>
  <testcase classname="com.qa.opencart.tests.ProductDetailPageTest" name="getProductImageCountTest" time="1.111"/>
  <testcase classname="com.qa.opencart.tests.ProductDetailPageTest" name="getProductImageCountTest" time="1.046"/>
  <testcase classname="com.qa.opencart.tests.ProductDetailPageTest" name="emptyCartTest" time="0.825"/>
  <testcase classname="com.qa.opencart.tests.ProductDetailPageTest" name="getProductImageCountTest" time="1.362"/>
  <testcase classname="com.qa.opencart.tests.ProductDetailPageTest" name="getProductImageCountTest" time="1.016"/>
  <testcase classname="com.qa.opencart.tests.ProductDetailPageTest" name="getProductImageCountTest" time="1.014"/>
  <testcase classname="com.qa.opencart.tests.ProductDetailPageTest" name="getProductInfoTest" time="1.204"/>
  <testcase classname="com.qa.opencart.tests.ProductDetailPageTest" name="addProductToCart" time="7.595"/>
</testsuite> <!-- com.qa.opencart.tests.ProductDetailPageTest -->
