<?xml version="1.0" encoding="UTF-8"?>
<!-- Generated by org.testng.reporters.JUnitReportReporter -->
<testsuite hostname="sanjana" failures="0" tests="15" name="com.qa.opencart.tests.MyAccountsTest" time="8.941" errors="0" timestamp="2024-07-10T16:00:51 IST" skipped="0">
  <testcase classname="com.qa.opencart.tests.MyAccountsTest" name="getAcctPageTitleTest" time="0.013"/>
  <testcase classname="com.qa.opencart.tests.MyAccountsTest" name="getAcctPageURLTest" time="0.006"/>
  <testcase classname="com.qa.opencart.tests.MyAccountsTest" name="getAcctPageHeadersCountTest" time="0.023"/>
  <testcase classname="com.qa.opencart.tests.MyAccountsTest" name="getAcctPageHeadersDetailTest" time="0.085"/>
  <testcase classname="com.qa.opencart.tests.MyAccountsTest" name="searchProductTest" time="0.360"/>
  <testcase classname="com.qa.opencart.tests.MyAccountsTest" name="searchProductTest" time="0.386"/>
  <testcase classname="com.qa.opencart.tests.MyAccountsTest" name="searchProductTest" time="0.367"/>
  <testcase classname="com.qa.opencart.tests.MyAccountsTest" name="searchProductTest" time="0.377"/>
  <testcase classname="com.qa.opencart.tests.MyAccountsTest" name="selectProductTest" time="1.081"/>
  <testcase classname="com.qa.opencart.tests.MyAccountsTest" name="selectProductTest" time="1.067"/>
  <testcase classname="com.qa.opencart.tests.MyAccountsTest" name="selectProductTest" time="0.900"/>
  <testcase classname="com.qa.opencart.tests.MyAccountsTest" name="selectProductTest" time="1.239"/>
  <testcase classname="com.qa.opencart.tests.MyAccountsTest" name="selectProductTest" time="1.096"/>
  <testcase classname="com.qa.opencart.tests.MyAccountsTest" name="selectProductTest" time="0.966"/>
  <testcase classname="com.qa.opencart.tests.MyAccountsTest" name="selectProductTest" time="0.975"/>
</testsuite> <!-- com.qa.opencart.tests.MyAccountsTest -->
