<?xml version="1.0" encoding="UTF-8"?>
<!-- Generated by org.testng.reporters.JUnitReportReporter -->
<testsuite hostname="sanjana" failures="0" tests="5" name="com.qa.opencart.tests.AppLoginTest" time="1.348" errors="0" timestamp="2024-07-08T16:48:24 IST" skipped="0">
  <testcase classname="com.qa.opencart.tests.AppLoginTest" name="loginPageTitleTest" time="0.041"/>
  <testcase classname="com.qa.opencart.tests.AppLoginTest" name="loginPageUrlTest" time="0.010"/>
  <testcase classname="com.qa.opencart.tests.AppLoginTest" name="isforgotPasswordLinkPresentTest" time="0.060"/>
  <testcase classname="com.qa.opencart.tests.AppLoginTest" name="doLoginTest" time="0.649"/>
  <testcase classname="com.qa.opencart.tests.AppLoginTest" name="appLogoutTest" time="0.588"/>
</testsuite> <!-- com.qa.opencart.tests.AppLoginTest -->
