<?xml version="1.0" encoding="UTF-8"?>
<!-- Generated by org.testng.reporters.JUnitReportReporter -->
<testsuite hostname="sanjana" failures="0" tests="5" name="com.qa.opencart.tests.AppLoginTest" time="1.799" errors="0" timestamp="2024-07-09T16:08:15 IST" skipped="0">
  <testcase classname="com.qa.opencart.tests.AppLoginTest" name="loginPageTitleTest" time="0.009"/>
  <testcase classname="com.qa.opencart.tests.AppLoginTest" name="loginPageUrlTest" time="0.006"/>
  <testcase classname="com.qa.opencart.tests.AppLoginTest" name="isforgotPasswordLinkPresentTest" time="0.129"/>
  <testcase classname="com.qa.opencart.tests.AppLoginTest" name="doLoginTest" time="0.891"/>
  <testcase classname="com.qa.opencart.tests.AppLoginTest" name="appLogoutTest" time="0.764"/>
</testsuite> <!-- com.qa.opencart.tests.AppLoginTest -->
